<?xml version="1.0" encoding="UTF-8"?>
<!-- Generated by org.testng.reporters.JUnitXMLReporter -->
<testsuite ignored="0" hostname="ZSCHN01LP0090" failures="0" tests="3" name="Default test" time="4.783" errors="0" timestamp="2024-02-06T15:03:02 IST">
  <testcase classname="testScripts.PlaceOrderTest" name="addToCartTest" time="0.982"/>
  <testcase classname="testScripts.PlaceOrderTest" name="checkoutTest" time="0.162"/>
  <testcase classname="testScripts.PlaceOrderTest" name="checkoutPageTest" time="0.718"/>
</testsuite> <!-- Default test -->
