<?xml version="1.0" encoding="UTF-8"?>
<!-- Generated by org.testng.reporters.JUnitXMLReporter -->
<testsuite ignored="0" hostname="ZSCHN01LP0090" failures="0" tests="3" name="Default test" time="6.047" errors="0" timestamp="2024-02-15T10:47:18 IST">
  <testcase classname="testScripts.PlaceOrderTest" name="addToCartTest" time="0.772"/>
  <testcase classname="testScripts.PlaceOrderTest" name="checkoutTest" time="0.101"/>
  <testcase classname="testScripts.PlaceOrderTest" name="checkoutPageTest" time="0.536"/>
</testsuite> <!-- Default test -->
