<?xml version="1.0" encoding="UTF-8"?>
<testng-results ignored="0" total="3" passed="3" failed="0" skipped="0">
  <reporter-output>
  </reporter-output>
  <suite started-at="2024-02-06T15:02:58 IST" name="Default suite" finished-at="2024-02-06T15:03:02 IST" duration-ms="4783">
    <groups>
    </groups>
    <test started-at="2024-02-06T15:02:58 IST" name="Default test" finished-at="2024-02-06T15:03:02 IST" duration-ms="4783">
      <class name="testScripts.PlaceOrderTest">
        <test-method is-config="true" signature="setup()[pri:0, instance:testScripts.PlaceOrderTest@7726e185]" started-at="2024-02-06T15:02:58 IST" name="setup" finished-at="2024-02-06T15:03:01 IST" duration-ms="2855" status="PASS">
          <reporter-output>
          </reporter-output>
        </test-method> <!-- setup -->
        <test-method signature="addToCartTest()[pri:1, instance:testScripts.PlaceOrderTest@7726e185]" started-at="2024-02-06T15:03:01 IST" name="addToCartTest" finished-at="2024-02-06T15:03:02 IST" duration-ms="982" status="PASS">
          <reporter-output>
          </reporter-output>
        </test-method> <!-- addToCartTest -->
        <test-method signature="checkoutTest()[pri:2, instance:testScripts.PlaceOrderTest@7726e185]" started-at="2024-02-06T15:03:02 IST" name="checkoutTest" finished-at="2024-02-06T15:03:02 IST" duration-ms="162" status="PASS">
          <reporter-output>
          </reporter-output>
        </test-method> <!-- checkoutTest -->
        <test-method signature="checkoutPageTest()[pri:3, instance:testScripts.PlaceOrderTest@7726e185]" started-at="2024-02-06T15:03:02 IST" name="checkoutPageTest" finished-at="2024-02-06T15:03:02 IST" duration-ms="718" status="PASS">
          <reporter-output>
          </reporter-output>
        </test-method> <!-- checkoutPageTest -->
      </class> <!-- testScripts.PlaceOrderTest -->
    </test> <!-- Default test -->
  </suite> <!-- Default suite -->
</testng-results>
