<?xml version="1.0" encoding="UTF-8"?>
<testng-results ignored="0" total="3" passed="3" failed="0" skipped="0">
  <reporter-output>
  </reporter-output>
  <suite started-at="2024-02-15T10:47:12 IST" name="Default suite" finished-at="2024-02-15T10:47:18 IST" duration-ms="6047">
    <groups>
    </groups>
    <test started-at="2024-02-15T10:47:12 IST" name="Default test" finished-at="2024-02-15T10:47:18 IST" duration-ms="6047">
      <class name="testScripts.PlaceOrderTest">
        <test-method is-config="true" signature="setup()[pri:0, instance:testScripts.PlaceOrderTest@7d2a6eac]" started-at="2024-02-15T10:47:12 IST" name="setup" finished-at="2024-02-15T10:47:17 IST" duration-ms="4598" status="PASS">
          <reporter-output>
          </reporter-output>
        </test-method> <!-- setup -->
        <test-method signature="addToCartTest()[pri:1, instance:testScripts.PlaceOrderTest@7d2a6eac]" started-at="2024-02-15T10:47:17 IST" name="addToCartTest" finished-at="2024-02-15T10:47:18 IST" duration-ms="772" status="PASS">
          <reporter-output>
          </reporter-output>
        </test-method> <!-- addToCartTest -->
        <test-method signature="checkoutTest()[pri:2, instance:testScripts.PlaceOrderTest@7d2a6eac]" started-at="2024-02-15T10:47:18 IST" name="checkoutTest" finished-at="2024-02-15T10:47:18 IST" duration-ms="101" status="PASS">
          <reporter-output>
          </reporter-output>
        </test-method> <!-- checkoutTest -->
        <test-method signature="checkoutPageTest()[pri:3, instance:testScripts.PlaceOrderTest@7d2a6eac]" started-at="2024-02-15T10:47:18 IST" name="checkoutPageTest" finished-at="2024-02-15T10:47:18 IST" duration-ms="536" status="PASS">
          <reporter-output>
          </reporter-output>
        </test-method> <!-- checkoutPageTest -->
      </class> <!-- testScripts.PlaceOrderTest -->
    </test> <!-- Default test -->
  </suite> <!-- Default suite -->
</testng-results>
